{"contracts/mocks/MockUSDC.sol":{"l":{"10":1,"14":15},"path":"/Users/marianocarcellerlopez/Desarrollo/Problemarket/contracts/contracts/mocks/MockUSDC.sol","s":{"1":1,"2":15},"b":{},"f":{"1":14,"2":1,"3":15},"fnMap":{"1":{"name":"constructor","line":7,"loc":{"start":{"line":7,"column":4},"end":{"line":7,"column":51}}},"2":{"name":"decimals","line":9,"loc":{"start":{"line":9,"column":4},"end":{"line":11,"column":4}}},"3":{"name":"mint","line":13,"loc":{"start":{"line":13,"column":4},"end":{"line":15,"column":4}}}},"statementMap":{"1":{"start":{"line":10,"column":8},"end":{"line":10,"column":16}},"2":{"start":{"line":14,"column":8},"end":{"line":14,"column":29}}},"branchMap":{}},"contracts/mocks/ReentrancyAttacker.sol":{"l":{"14":1,"15":1,"19":1,"20":1,"21":1,"25":1,"26":1,"27":1,"31":1,"32":1},"path":"/Users/marianocarcellerlopez/Desarrollo/Problemarket/contracts/contracts/mocks/ReentrancyAttacker.sol","s":{"1":1,"2":1,"3":1,"4":1,"5":1},"b":{"1":[1,0]},"f":{"1":1,"2":1,"3":1,"4":1},"fnMap":{"1":{"name":"constructor","line":13,"loc":{"start":{"line":13,"column":4},"end":{"line":16,"column":4}}},"2":{"name":"createTwoProblems","line":18,"loc":{"start":{"line":18,"column":4},"end":{"line":22,"column":4}}},"3":{"name":"attackCancellation","line":24,"loc":{"start":{"line":24,"column":4},"end":{"line":28,"column":4}}},"4":{"name":"onTokenTransfer","line":30,"loc":{"start":{"line":30,"column":4},"end":{"line":36,"column":4}}}},"statementMap":{"1":{"start":{"line":19,"column":8},"end":{"line":19,"column":56}},"2":{"start":{"line":20,"column":8},"end":{"line":20,"column":69}},"3":{"start":{"line":21,"column":8},"end":{"line":21,"column":69}},"4":{"start":{"line":26,"column":8},"end":{"line":26,"column":30}},"5":{"start":{"line":31,"column":8},"end":{"line":31,"column":931}}},"branchMap":{"1":{"line":31,"type":"if","locations":[{"start":{"line":31,"column":8},"end":{"line":31,"column":8}},{"start":{"line":31,"column":8},"end":{"line":31,"column":8}}]}}},"contracts/mocks/ReentrantUSDC.sol":{"l":{"16":0,"20":1,"24":1,"28":3,"29":3,"30":1},"path":"/Users/marianocarcellerlopez/Desarrollo/Problemarket/contracts/contracts/mocks/ReentrantUSDC.sol","s":{"1":0,"2":1,"3":3,"4":3,"5":1},"b":{"1":[1,2]},"f":{"1":1,"2":0,"3":1,"4":1,"5":3},"fnMap":{"1":{"name":"constructor","line":13,"loc":{"start":{"line":13,"column":4},"end":{"line":13,"column":56}}},"2":{"name":"decimals","line":15,"loc":{"start":{"line":15,"column":4},"end":{"line":17,"column":4}}},"3":{"name":"mint","line":19,"loc":{"start":{"line":19,"column":4},"end":{"line":21,"column":4}}},"4":{"name":"setInvokeReceiver","line":23,"loc":{"start":{"line":23,"column":4},"end":{"line":25,"column":4}}},"5":{"name":"_transfer","line":27,"loc":{"start":{"line":27,"column":4},"end":{"line":32,"column":4}}}},"statementMap":{"1":{"start":{"line":16,"column":8},"end":{"line":16,"column":16}},"2":{"start":{"line":20,"column":8},"end":{"line":20,"column":29}},"3":{"start":{"line":28,"column":8},"end":{"line":28,"column":40}},"4":{"start":{"line":29,"column":8},"end":{"line":29,"column":756}},"5":{"start":{"line":30,"column":12},"end":{"line":30,"column":47}}},"branchMap":{"1":{"line":29,"type":"if","locations":[{"start":{"line":29,"column":8},"end":{"line":29,"column":8}},{"start":{"line":29,"column":8},"end":{"line":29,"column":8}}]}}},"contracts/ProblemMarket.sol":{"l":{"101":7,"102":6,"106":16,"107":15,"108":15,"118":40,"119":40,"120":39,"121":38,"122":37,"123":36,"124":35,"125":34,"127":32,"128":32,"129":32,"131":31,"132":31,"146":31,"147":31,"148":31,"149":31,"151":31,"155":17,"156":14,"157":13,"158":13,"159":12,"161":11,"162":11,"163":11,"167":7,"168":5,"169":4,"171":3,"172":3,"176":7,"177":6,"178":5,"179":5,"181":4,"182":4,"183":4,"184":4,"185":4,"189":6,"190":6,"191":1,"193":5,"194":4,"195":4,"199":6,"200":6,"201":5,"203":4,"204":3,"205":2,"207":1,"208":1,"209":1,"211":3,"215":9,"219":1,"223":1,"227":5,"228":4,"232":2,"233":1,"237":1,"238":1,"242":5,"243":5,"244":5,"246":5,"247":5,"248":5,"249":5,"251":5,"252":5,"253":5,"257":37,"258":37,"259":37,"263":5,"264":5,"265":5,"267":0,"271":66,"272":64,"273":64,"277":24,"278":23,"279":22,"280":21,"281":20,"282":19,"283":18,"284":18},"path":"/Users/marianocarcellerlopez/Desarrollo/Problemarket/contracts/contracts/ProblemMarket.sol","s":{"1":7,"2":16,"3":15,"4":40,"5":40,"6":39,"7":38,"8":37,"9":36,"10":35,"11":34,"12":32,"13":32,"14":32,"15":31,"16":17,"17":14,"18":13,"19":13,"20":12,"21":11,"22":11,"23":7,"24":5,"25":4,"26":3,"27":3,"28":7,"29":6,"30":5,"31":5,"32":4,"33":4,"34":4,"35":6,"36":6,"37":5,"38":4,"39":6,"40":6,"41":5,"42":4,"43":3,"44":2,"45":1,"46":3,"47":9,"48":1,"49":1,"50":5,"51":4,"52":2,"53":1,"54":5,"55":5,"56":5,"57":5,"58":5,"59":5,"60":37,"61":37,"62":5,"63":5,"64":5,"65":5,"66":66,"67":2,"68":64,"69":64,"70":24,"71":23,"72":22,"73":21,"74":20,"75":19,"76":18},"b":{"1":[1,6],"2":[1,15],"3":[40,1],"4":[40,0],"5":[1,39],"6":[1,38],"7":[1,37],"8":[1,36],"9":[1,35],"10":[1,34],"11":[2,32],"12":[17,0],"13":[1,13],"14":[0,13],"15":[1,12],"16":[1,11],"17":[7,0],"18":[7,0],"19":[1,4],"20":[1,3],"21":[7,1],"22":[1,5],"23":[1,4],"24":[6,0],"25":[1,5],"26":[1,4],"27":[6,1],"28":[6,0],"29":[1,5],"30":[1,4],"31":[3,1],"32":[1,2],"33":[9,0],"34":[1,0],"35":[1,0],"36":[1,4],"37":[1,1],"38":[0,37],"39":[6,31],"40":[5,0],"41":[2,64],"42":[32,32],"43":[1,23],"44":[1,22],"45":[1,21],"46":[1,20],"47":[1,19],"48":[1,18]},"f":{"1":7,"2":16,"3":40,"4":17,"5":7,"6":7,"7":6,"8":6,"9":9,"10":1,"11":1,"12":5,"13":2,"14":1,"15":5,"16":37,"17":5,"18":66,"19":24},"fnMap":{"1":{"name":"onlyFeeCollector","line":100,"loc":{"start":{"line":100,"column":4},"end":{"line":103,"column":4}}},"2":{"name":"constructor","line":105,"loc":{"start":{"line":105,"column":4},"end":{"line":109,"column":4}}},"3":{"name":"createProblem","line":117,"loc":{"start":{"line":111,"column":4},"end":{"line":152,"column":4}}},"4":{"name":"submitSolution","line":154,"loc":{"start":{"line":154,"column":4},"end":{"line":164,"column":4}}},"5":{"name":"acceptSolution","line":166,"loc":{"start":{"line":166,"column":4},"end":{"line":173,"column":4}}},"6":{"name":"cancelProblem","line":175,"loc":{"start":{"line":175,"column":4},"end":{"line":186,"column":4}}},"7":{"name":"disputeProblem","line":188,"loc":{"start":{"line":188,"column":4},"end":{"line":196,"column":4}}},"8":{"name":"resolveDispute","line":198,"loc":{"start":{"line":198,"column":4},"end":{"line":212,"column":4}}},"9":{"name":"updatePlatformConfig","line":214,"loc":{"start":{"line":214,"column":4},"end":{"line":216,"column":4}}},"10":{"name":"pause","line":218,"loc":{"start":{"line":218,"column":4},"end":{"line":220,"column":4}}},"11":{"name":"unpause","line":222,"loc":{"start":{"line":222,"column":4},"end":{"line":224,"column":4}}},"12":{"name":"getProblem","line":226,"loc":{"start":{"line":226,"column":4},"end":{"line":229,"column":4}}},"13":{"name":"getSolutions","line":231,"loc":{"start":{"line":231,"column":4},"end":{"line":234,"column":4}}},"14":{"name":"calculateFees","line":236,"loc":{"start":{"line":236,"column":4},"end":{"line":239,"column":4}}},"15":{"name":"_paySolver","line":241,"loc":{"start":{"line":241,"column":4},"end":{"line":254,"column":4}}},"16":{"name":"_openProblem","line":256,"loc":{"start":{"line":256,"column":4},"end":{"line":260,"column":4}}},"17":{"name":"_solutionURIFor","line":262,"loc":{"start":{"line":262,"column":4},"end":{"line":268,"column":4}}},"18":{"name":"_feeFor","line":270,"loc":{"start":{"line":270,"column":4},"end":{"line":274,"column":4}}},"19":{"name":"_setConfig","line":276,"loc":{"start":{"line":276,"column":4},"end":{"line":285,"column":4}}}},"statementMap":{"1":{"start":{"line":101,"column":8},"end":{"line":101,"column":71}},"2":{"start":{"line":106,"column":8},"end":{"line":106,"column":65}},"3":{"start":{"line":108,"column":8},"end":{"line":108,"column":32}},"4":{"start":{"line":118,"column":8},"end":{"line":118,"column":46}},"5":{"start":{"line":119,"column":8},"end":{"line":119,"column":61}},"6":{"start":{"line":120,"column":8},"end":{"line":120,"column":70}},"7":{"start":{"line":121,"column":8},"end":{"line":121,"column":62}},"8":{"start":{"line":122,"column":8},"end":{"line":122,"column":62}},"9":{"start":{"line":123,"column":8},"end":{"line":123,"column":50}},"10":{"start":{"line":124,"column":8},"end":{"line":124,"column":82}},"11":{"start":{"line":125,"column":8},"end":{"line":125,"column":99}},"12":{"start":{"line":127,"column":8},"end":{"line":127,"column":67}},"13":{"start":{"line":128,"column":8},"end":{"line":128,"column":69}},"14":{"start":{"line":129,"column":8},"end":{"line":129,"column":82}},"15":{"start":{"line":151,"column":8},"end":{"line":151,"column":78}},"16":{"start":{"line":155,"column":8},"end":{"line":155,"column":57}},"17":{"start":{"line":156,"column":8},"end":{"line":156,"column":66}},"18":{"start":{"line":157,"column":8},"end":{"line":157,"column":67}},"19":{"start":{"line":158,"column":8},"end":{"line":158,"column":97}},"20":{"start":{"line":159,"column":8},"end":{"line":159,"column":82}},"21":{"start":{"line":162,"column":8},"end":{"line":162,"column":84}},"22":{"start":{"line":163,"column":8},"end":{"line":163,"column":66}},"23":{"start":{"line":167,"column":8},"end":{"line":167,"column":57}},"24":{"start":{"line":168,"column":8},"end":{"line":168,"column":65}},"25":{"start":{"line":169,"column":8},"end":{"line":169,"column":81}},"26":{"start":{"line":171,"column":8},"end":{"line":171,"column":70}},"27":{"start":{"line":172,"column":8},"end":{"line":172,"column":47}},"28":{"start":{"line":176,"column":8},"end":{"line":176,"column":57}},"29":{"start":{"line":177,"column":8},"end":{"line":177,"column":65}},"30":{"start":{"line":178,"column":8},"end":{"line":178,"column":82}},"31":{"start":{"line":179,"column":8},"end":{"line":179,"column":98}},"32":{"start":{"line":183,"column":8},"end":{"line":183,"column":59}},"33":{"start":{"line":184,"column":8},"end":{"line":184,"column":52}},"34":{"start":{"line":185,"column":8},"end":{"line":185,"column":48}},"35":{"start":{"line":189,"column":8},"end":{"line":189,"column":57}},"36":{"start":{"line":190,"column":8},"end":{"line":190,"column":7148}},"37":{"start":{"line":193,"column":8},"end":{"line":193,"column":69}},"38":{"start":{"line":195,"column":8},"end":{"line":195,"column":51}},"39":{"start":{"line":199,"column":8},"end":{"line":199,"column":53}},"40":{"start":{"line":200,"column":8},"end":{"line":200,"column":52}},"41":{"start":{"line":201,"column":8},"end":{"line":201,"column":69}},"42":{"start":{"line":203,"column":8},"end":{"line":203,"column":7762}},"43":{"start":{"line":204,"column":12},"end":{"line":204,"column":85}},"44":{"start":{"line":205,"column":12},"end":{"line":205,"column":74}},"45":{"start":{"line":209,"column":12},"end":{"line":209,"column":87}},"46":{"start":{"line":211,"column":8},"end":{"line":211,"column":60}},"47":{"start":{"line":215,"column":8},"end":{"line":215,"column":28}},"48":{"start":{"line":219,"column":8},"end":{"line":219,"column":15}},"49":{"start":{"line":223,"column":8},"end":{"line":223,"column":17}},"50":{"start":{"line":227,"column":8},"end":{"line":227,"column":64}},"51":{"start":{"line":228,"column":8},"end":{"line":228,"column":34}},"52":{"start":{"line":232,"column":8},"end":{"line":232,"column":64}},"53":{"start":{"line":233,"column":8},"end":{"line":233,"column":35}},"54":{"start":{"line":242,"column":8},"end":{"line":242,"column":57}},"55":{"start":{"line":243,"column":8},"end":{"line":243,"column":54}},"56":{"start":{"line":244,"column":8},"end":{"line":244,"column":57}},"57":{"start":{"line":251,"column":8},"end":{"line":251,"column":51}},"58":{"start":{"line":252,"column":8},"end":{"line":252,"column":64}},"59":{"start":{"line":253,"column":8},"end":{"line":253,"column":68}},"60":{"start":{"line":258,"column":8},"end":{"line":258,"column":52}},"61":{"start":{"line":259,"column":8},"end":{"line":259,"column":65}},"62":{"start":{"line":263,"column":8},"end":{"line":263,"column":68}},"63":{"start":{"line":264,"column":8},"end":{"line":264,"column":10190}},"64":{"start":{"line":265,"column":12},"end":{"line":265,"column":96}},"65":{"start":{"line":265,"column":56},"end":{"line":265,"column":96}},"66":{"start":{"line":271,"column":8},"end":{"line":271,"column":37}},"67":{"start":{"line":271,"column":29},"end":{"line":271,"column":37}},"68":{"start":{"line":272,"column":8},"end":{"line":272,"column":59}},"69":{"start":{"line":273,"column":8},"end":{"line":273,"column":76}},"70":{"start":{"line":277,"column":8},"end":{"line":277,"column":73}},"71":{"start":{"line":278,"column":8},"end":{"line":278,"column":67}},"72":{"start":{"line":279,"column":8},"end":{"line":279,"column":84}},"73":{"start":{"line":280,"column":8},"end":{"line":280,"column":75}},"74":{"start":{"line":281,"column":8},"end":{"line":281,"column":105}},"75":{"start":{"line":282,"column":8},"end":{"line":282,"column":81}},"76":{"start":{"line":284,"column":8},"end":{"line":284,"column":45}}},"branchMap":{"1":{"line":101,"type":"if","locations":[{"start":{"line":101,"column":8},"end":{"line":101,"column":8}},{"start":{"line":101,"column":8},"end":{"line":101,"column":8}}]},"2":{"line":106,"type":"if","locations":[{"start":{"line":106,"column":8},"end":{"line":106,"column":8}},{"start":{"line":106,"column":8},"end":{"line":106,"column":8}}]},"3":{"line":117,"type":"if","locations":[{"start":{"line":117,"column":15},"end":{"line":117,"column":15}},{"start":{"line":117,"column":15},"end":{"line":117,"column":15}}]},"4":{"line":117,"type":"if","locations":[{"start":{"line":117,"column":29},"end":{"line":117,"column":29}},{"start":{"line":117,"column":29},"end":{"line":117,"column":29}}]},"5":{"line":119,"type":"if","locations":[{"start":{"line":119,"column":8},"end":{"line":119,"column":8}},{"start":{"line":119,"column":8},"end":{"line":119,"column":8}}]},"6":{"line":120,"type":"if","locations":[{"start":{"line":120,"column":8},"end":{"line":120,"column":8}},{"start":{"line":120,"column":8},"end":{"line":120,"column":8}}]},"7":{"line":121,"type":"if","locations":[{"start":{"line":121,"column":8},"end":{"line":121,"column":8}},{"start":{"line":121,"column":8},"end":{"line":121,"column":8}}]},"8":{"line":122,"type":"if","locations":[{"start":{"line":122,"column":8},"end":{"line":122,"column":8}},{"start":{"line":122,"column":8},"end":{"line":122,"column":8}}]},"9":{"line":123,"type":"if","locations":[{"start":{"line":123,"column":8},"end":{"line":123,"column":8}},{"start":{"line":123,"column":8},"end":{"line":123,"column":8}}]},"10":{"line":124,"type":"if","locations":[{"start":{"line":124,"column":8},"end":{"line":124,"column":8}},{"start":{"line":124,"column":8},"end":{"line":124,"column":8}}]},"11":{"line":125,"type":"if","locations":[{"start":{"line":125,"column":8},"end":{"line":125,"column":8}},{"start":{"line":125,"column":8},"end":{"line":125,"column":8}}]},"12":{"line":154,"type":"if","locations":[{"start":{"line":154,"column":85},"end":{"line":154,"column":85}},{"start":{"line":154,"column":85},"end":{"line":154,"column":85}}]},"13":{"line":156,"type":"if","locations":[{"start":{"line":156,"column":8},"end":{"line":156,"column":8}},{"start":{"line":156,"column":8},"end":{"line":156,"column":8}}]},"14":{"line":157,"type":"if","locations":[{"start":{"line":157,"column":8},"end":{"line":157,"column":8}},{"start":{"line":157,"column":8},"end":{"line":157,"column":8}}]},"15":{"line":158,"type":"if","locations":[{"start":{"line":158,"column":8},"end":{"line":158,"column":8}},{"start":{"line":158,"column":8},"end":{"line":158,"column":8}}]},"16":{"line":159,"type":"if","locations":[{"start":{"line":159,"column":8},"end":{"line":159,"column":8}},{"start":{"line":159,"column":8},"end":{"line":159,"column":8}}]},"17":{"line":166,"type":"if","locations":[{"start":{"line":166,"column":72},"end":{"line":166,"column":72}},{"start":{"line":166,"column":72},"end":{"line":166,"column":72}}]},"18":{"line":166,"type":"if","locations":[{"start":{"line":166,"column":86},"end":{"line":166,"column":86}},{"start":{"line":166,"column":86},"end":{"line":166,"column":86}}]},"19":{"line":168,"type":"if","locations":[{"start":{"line":168,"column":8},"end":{"line":168,"column":8}},{"start":{"line":168,"column":8},"end":{"line":168,"column":8}}]},"20":{"line":169,"type":"if","locations":[{"start":{"line":169,"column":8},"end":{"line":169,"column":8}},{"start":{"line":169,"column":8},"end":{"line":169,"column":8}}]},"21":{"line":175,"type":"if","locations":[{"start":{"line":175,"column":55},"end":{"line":175,"column":55}},{"start":{"line":175,"column":55},"end":{"line":175,"column":55}}]},"22":{"line":177,"type":"if","locations":[{"start":{"line":177,"column":8},"end":{"line":177,"column":8}},{"start":{"line":177,"column":8},"end":{"line":177,"column":8}}]},"23":{"line":179,"type":"if","locations":[{"start":{"line":179,"column":8},"end":{"line":179,"column":8}},{"start":{"line":179,"column":8},"end":{"line":179,"column":8}}]},"24":{"line":188,"type":"if","locations":[{"start":{"line":188,"column":56},"end":{"line":188,"column":56}},{"start":{"line":188,"column":56},"end":{"line":188,"column":56}}]},"25":{"line":190,"type":"if","locations":[{"start":{"line":190,"column":8},"end":{"line":190,"column":8}},{"start":{"line":190,"column":8},"end":{"line":190,"column":8}}]},"26":{"line":193,"type":"if","locations":[{"start":{"line":193,"column":8},"end":{"line":193,"column":8}},{"start":{"line":193,"column":8},"end":{"line":193,"column":8}}]},"27":{"line":198,"type":"if","locations":[{"start":{"line":198,"column":90},"end":{"line":198,"column":90}},{"start":{"line":198,"column":90},"end":{"line":198,"column":90}}]},"28":{"line":198,"type":"if","locations":[{"start":{"line":198,"column":107},"end":{"line":198,"column":107}},{"start":{"line":198,"column":107},"end":{"line":198,"column":107}}]},"29":{"line":200,"type":"if","locations":[{"start":{"line":200,"column":8},"end":{"line":200,"column":8}},{"start":{"line":200,"column":8},"end":{"line":200,"column":8}}]},"30":{"line":201,"type":"if","locations":[{"start":{"line":201,"column":8},"end":{"line":201,"column":8}},{"start":{"line":201,"column":8},"end":{"line":201,"column":8}}]},"31":{"line":203,"type":"if","locations":[{"start":{"line":203,"column":8},"end":{"line":203,"column":8}},{"start":{"line":203,"column":8},"end":{"line":203,"column":8}}]},"32":{"line":204,"type":"if","locations":[{"start":{"line":204,"column":12},"end":{"line":204,"column":12}},{"start":{"line":204,"column":12},"end":{"line":204,"column":12}}]},"33":{"line":214,"type":"if","locations":[{"start":{"line":214,"column":78},"end":{"line":214,"column":78}},{"start":{"line":214,"column":78},"end":{"line":214,"column":78}}]},"34":{"line":218,"type":"if","locations":[{"start":{"line":218,"column":30},"end":{"line":218,"column":30}},{"start":{"line":218,"column":30},"end":{"line":218,"column":30}}]},"35":{"line":222,"type":"if","locations":[{"start":{"line":222,"column":32},"end":{"line":222,"column":32}},{"start":{"line":222,"column":32},"end":{"line":222,"column":32}}]},"36":{"line":227,"type":"if","locations":[{"start":{"line":227,"column":8},"end":{"line":227,"column":8}},{"start":{"line":227,"column":8},"end":{"line":227,"column":8}}]},"37":{"line":232,"type":"if","locations":[{"start":{"line":232,"column":8},"end":{"line":232,"column":8}},{"start":{"line":232,"column":8},"end":{"line":232,"column":8}}]},"38":{"line":258,"type":"if","locations":[{"start":{"line":258,"column":8},"end":{"line":258,"column":8}},{"start":{"line":258,"column":8},"end":{"line":258,"column":8}}]},"39":{"line":259,"type":"if","locations":[{"start":{"line":259,"column":8},"end":{"line":259,"column":8}},{"start":{"line":259,"column":8},"end":{"line":259,"column":8}}]},"40":{"line":265,"type":"if","locations":[{"start":{"line":265,"column":12},"end":{"line":265,"column":12}},{"start":{"line":265,"column":12},"end":{"line":265,"column":12}}]},"41":{"line":271,"type":"if","locations":[{"start":{"line":271,"column":8},"end":{"line":271,"column":8}},{"start":{"line":271,"column":8},"end":{"line":271,"column":8}}]},"42":{"line":273,"type":"if","locations":[{"start":{"line":273,"column":47},"end":{"line":273,"column":59}},{"start":{"line":273,"column":63},"end":{"line":273,"column":75}}]},"43":{"line":277,"type":"if","locations":[{"start":{"line":277,"column":8},"end":{"line":277,"column":8}},{"start":{"line":277,"column":8},"end":{"line":277,"column":8}}]},"44":{"line":278,"type":"if","locations":[{"start":{"line":278,"column":8},"end":{"line":278,"column":8}},{"start":{"line":278,"column":8},"end":{"line":278,"column":8}}]},"45":{"line":279,"type":"if","locations":[{"start":{"line":279,"column":8},"end":{"line":279,"column":8}},{"start":{"line":279,"column":8},"end":{"line":279,"column":8}}]},"46":{"line":280,"type":"if","locations":[{"start":{"line":280,"column":8},"end":{"line":280,"column":8}},{"start":{"line":280,"column":8},"end":{"line":280,"column":8}}]},"47":{"line":281,"type":"if","locations":[{"start":{"line":281,"column":8},"end":{"line":281,"column":8}},{"start":{"line":281,"column":8},"end":{"line":281,"column":8}}]},"48":{"line":282,"type":"if","locations":[{"start":{"line":282,"column":8},"end":{"line":282,"column":8}},{"start":{"line":282,"column":8},"end":{"line":282,"column":8}}]}}}}